<?xml version="1.0" encoding="UTF-8"?>
<!-- Generated by org.testng.reporters.JUnitXMLReporter -->
<testsuite ignored="0" hostname="DESKTOP-S7BJ97P" failures="0" tests="5" name="Default test" time="70.308" errors="0" timestamp="2024-01-19T08:20:47 IST">
  <testcase classname="testNG_Packg.Task_Multipletab" name="instagram" time="9.235"/>
  <testcase classname="testNG_Packg.Task_Multipletab" name="instagram" time="15.488"/>
  <testcase classname="testNG_Packg.Task_Multipletab" name="instagram" time="12.73"/>
  <testcase classname="testNG_Packg.Task_Multipletab" name="fb" time="20.509"/>
  <testcase classname="testNG_Packg.Task_Multipletab" name="fb" time="12.157"/>
</testsuite> <!-- Default test -->
