<?xml version="1.0" encoding="UTF-8"?>
<testng-results ignored="0" total="5" passed="5" failed="0" skipped="0">
  <reporter-output>
  </reporter-output>
  <suite started-at="2024-01-19T08:19:36 IST" name="Default suite" finished-at="2024-01-19T08:20:47 IST" duration-ms="70308">
    <groups>
    </groups>
    <test started-at="2024-01-19T08:19:36 IST" name="Default test" finished-at="2024-01-19T08:20:47 IST" duration-ms="70308">
      <class name="testNG_Packg.Task_Multipletab">
        <test-method signature="instagram()[pri:-1, instance:testNG_Packg.Task_Multipletab@3571b748]" started-at="2024-01-19T08:19:36 IST" name="instagram" finished-at="2024-01-19T08:19:46 IST" duration-ms="9235" status="PASS">
          <reporter-output>
          </reporter-output>
        </test-method> <!-- instagram -->
        <test-method signature="instagram()[pri:-1, instance:testNG_Packg.Task_Multipletab@3571b748]" started-at="2024-01-19T08:19:46 IST" name="instagram" finished-at="2024-01-19T08:20:01 IST" duration-ms="15488" status="PASS">
          <reporter-output>
          </reporter-output>
        </test-method> <!-- instagram -->
        <test-method signature="instagram()[pri:-1, instance:testNG_Packg.Task_Multipletab@3571b748]" started-at="2024-01-19T08:20:01 IST" name="instagram" finished-at="2024-01-19T08:20:14 IST" duration-ms="12730" status="PASS">
          <reporter-output>
          </reporter-output>
        </test-method> <!-- instagram -->
        <test-method signature="fb()[pri:0, instance:testNG_Packg.Task_Multipletab@3571b748]" started-at="2024-01-19T08:20:14 IST" name="fb" finished-at="2024-01-19T08:20:34 IST" duration-ms="20509" status="PASS">
          <reporter-output>
          </reporter-output>
        </test-method> <!-- fb -->
        <test-method signature="fb()[pri:0, instance:testNG_Packg.Task_Multipletab@3571b748]" started-at="2024-01-19T08:20:34 IST" name="fb" finished-at="2024-01-19T08:20:47 IST" duration-ms="12157" status="PASS">
          <reporter-output>
          </reporter-output>
        </test-method> <!-- fb -->
      </class> <!-- testNG_Packg.Task_Multipletab -->
    </test> <!-- Default test -->
  </suite> <!-- Default suite -->
</testng-results>
